[2019-08-20T16:29:07.968] [DEBUG] src/init/initRouter - projectPath:E:\newspace\2019\inter-web
[2019-08-20T16:29:08.002] [DEBUG] src/init/initRouter - extRouterPath:undefined
[2019-08-20T16:29:08.050] [INFO] main.ts - mock server is started at port: 3333!
[2019-08-20T16:29:08.084] [DEBUG] src/init/initRouter - 加载 routerPath 路径为: E:\newspace\2019\inter-web\src\routers
[2019-08-20T16:29:08.109] [DEBUG] src/init/initRouter - 加载 routerPath 路径为: E:\newspace\2019\inter-web\node_modules\@zhili\server-mock\src\routers
[2019-08-20T16:29:08.124] [ERROR] src/init/initRouter - { [Error: ENOENT: no such file or directory, scandir 'E:\newspace\2019\inter-web\src\routers']
  errno: -4058,
  code: 'ENOENT',
  syscall: 'scandir',
  path: 'E:\\newspace\\2019\\inter-web\\src\\routers' }
[2019-08-20T16:29:08.197] [INFO] Mock.router.ts - mockPath is E:\newspace\2019\inter-web\mock\
[2019-08-20T16:29:08.201] [WARN] src/init/initRouter - 加载路由prefix为:/mock
[2019-08-20T18:15:03.428] [DEBUG] src/init/initRouter - projectPath:E:\newspace\2019\inter-web
[2019-08-20T18:15:03.450] [DEBUG] src/init/initRouter - extRouterPath:undefined
[2019-08-20T18:15:03.549] [INFO] main.ts - mock server is started at port: 3333!
[2019-08-20T18:15:03.589] [DEBUG] src/init/initRouter - 加载 routerPath 路径为: E:\newspace\2019\inter-web\src\routers
[2019-08-20T18:15:03.613] [DEBUG] src/init/initRouter - 加载 routerPath 路径为: E:\newspace\2019\inter-web\node_modules\@zhili\server-mock\src\routers
[2019-08-20T18:15:03.627] [ERROR] src/init/initRouter - { [Error: ENOENT: no such file or directory, scandir 'E:\newspace\2019\inter-web\src\routers']
  errno: -4058,
  code: 'ENOENT',
  syscall: 'scandir',
  path: 'E:\\newspace\\2019\\inter-web\\src\\routers' }
[2019-08-20T18:15:03.723] [INFO] Mock.router.ts - mockPath is E:\newspace\2019\inter-web\mock\
[2019-08-20T18:15:03.728] [WARN] src/init/initRouter - 加载路由prefix为:/mock
[2019-08-21T08:55:43.960] [DEBUG] src/init/initRouter - projectPath:E:\newspace\2019\inter-web
[2019-08-21T08:55:43.981] [DEBUG] src/init/initRouter - extRouterPath:undefined
[2019-08-21T08:55:44.007] [INFO] main.ts - mock server is started at port: 3333!
[2019-08-21T08:55:44.022] [DEBUG] src/init/initRouter - 加载 routerPath 路径为: E:\newspace\2019\inter-web\src\routers
[2019-08-21T08:55:44.026] [DEBUG] src/init/initRouter - 加载 routerPath 路径为: E:\newspace\2019\inter-web\node_modules\@zhili\server-mock\src\routers
[2019-08-21T08:55:44.030] [ERROR] src/init/initRouter - { [Error: ENOENT: no such file or directory, scandir 'E:\newspace\2019\inter-web\src\routers']
  errno: -4058,
  code: 'ENOENT',
  syscall: 'scandir',
  path: 'E:\\newspace\\2019\\inter-web\\src\\routers' }
[2019-08-21T08:55:44.132] [INFO] Mock.router.ts - mockPath is E:\newspace\2019\inter-web\mock\
[2019-08-21T08:55:44.136] [WARN] src/init/initRouter - 加载路由prefix为:/mock
[2019-08-21T11:01:12.626] [DEBUG] src/init/initRouter - projectPath:E:\newspace\2019\inter-web
[2019-08-21T11:01:12.638] [DEBUG] src/init/initRouter - extRouterPath:undefined
[2019-08-21T11:01:12.651] [INFO] main.ts - mock server is started at port: 3333!
[2019-08-21T11:01:12.659] [DEBUG] src/init/initRouter - 加载 routerPath 路径为: E:\newspace\2019\inter-web\src\routers
[2019-08-21T11:01:12.662] [DEBUG] src/init/initRouter - 加载 routerPath 路径为: E:\newspace\2019\inter-web\node_modules\@zhili\server-mock\src\routers
[2019-08-21T11:01:12.667] [ERROR] src/init/initRouter - { [Error: ENOENT: no such file or directory, scandir 'E:\newspace\2019\inter-web\src\routers']
  errno: -4058,
  code: 'ENOENT',
  syscall: 'scandir',
  path: 'E:\\newspace\\2019\\inter-web\\src\\routers' }
[2019-08-21T11:01:12.727] [INFO] Mock.router.ts - mockPath is E:\newspace\2019\inter-web\mock\
[2019-08-21T11:01:12.732] [WARN] src/init/initRouter - 加载路由prefix为:/mock
[2019-08-21T11:27:29.529] [DEBUG] src/init/initRouter - projectPath:E:\newspace\2019\inter-web
[2019-08-21T11:27:29.542] [DEBUG] src/init/initRouter - extRouterPath:undefined
[2019-08-21T11:27:29.557] [INFO] main.ts - mock server is started at port: 3333!
[2019-08-21T11:27:29.564] [DEBUG] src/init/initRouter - 加载 routerPath 路径为: E:\newspace\2019\inter-web\src\routers
[2019-08-21T11:27:29.567] [DEBUG] src/init/initRouter - 加载 routerPath 路径为: E:\newspace\2019\inter-web\node_modules\@zhili\server-mock\src\routers
[2019-08-21T11:27:29.570] [ERROR] src/init/initRouter - { [Error: ENOENT: no such file or directory, scandir 'E:\newspace\2019\inter-web\src\routers']
  errno: -4058,
  code: 'ENOENT',
  syscall: 'scandir',
  path: 'E:\\newspace\\2019\\inter-web\\src\\routers' }
[2019-08-21T11:27:29.631] [INFO] Mock.router.ts - mockPath is E:\newspace\2019\inter-web\mock\
[2019-08-21T11:27:29.635] [WARN] src/init/initRouter - 加载路由prefix为:/mock
[2019-08-21T12:43:08.704] [DEBUG] src/init/initRouter - projectPath:E:\newspace\2019\inter-web
[2019-08-21T12:43:08.720] [DEBUG] src/init/initRouter - extRouterPath:undefined
[2019-08-21T12:43:08.733] [INFO] main.ts - mock server is started at port: 3333!
[2019-08-21T12:43:08.742] [DEBUG] src/init/initRouter - 加载 routerPath 路径为: E:\newspace\2019\inter-web\src\routers
[2019-08-21T12:43:08.743] [DEBUG] src/init/initRouter - 加载 routerPath 路径为: E:\newspace\2019\inter-web\node_modules\@zhili\server-mock\src\routers
[2019-08-21T12:43:08.745] [ERROR] src/init/initRouter - { [Error: ENOENT: no such file or directory, scandir 'E:\newspace\2019\inter-web\src\routers']
  errno: -4058,
  code: 'ENOENT',
  syscall: 'scandir',
  path: 'E:\\newspace\\2019\\inter-web\\src\\routers' }
[2019-08-21T12:43:08.795] [INFO] Mock.router.ts - mockPath is E:\newspace\2019\inter-web\mock\
[2019-08-21T12:43:08.798] [WARN] src/init/initRouter - 加载路由prefix为:/mock
[2019-08-21T14:50:18.339] [DEBUG] src/init/initRouter - projectPath:E:\newspace\2019\inter-web
[2019-08-21T14:50:18.351] [DEBUG] src/init/initRouter - extRouterPath:undefined
[2019-08-21T14:50:18.363] [INFO] main.ts - mock server is started at port: 3333!
[2019-08-21T14:50:18.369] [DEBUG] src/init/initRouter - 加载 routerPath 路径为: E:\newspace\2019\inter-web\src\routers
[2019-08-21T14:50:18.371] [DEBUG] src/init/initRouter - 加载 routerPath 路径为: E:\newspace\2019\inter-web\node_modules\@zhili\server-mock\src\routers
[2019-08-21T14:50:18.373] [ERROR] src/init/initRouter - { [Error: ENOENT: no such file or directory, scandir 'E:\newspace\2019\inter-web\src\routers']
  errno: -4058,
  code: 'ENOENT',
  syscall: 'scandir',
  path: 'E:\\newspace\\2019\\inter-web\\src\\routers' }
[2019-08-21T14:50:18.437] [INFO] Mock.router.ts - mockPath is E:\newspace\2019\inter-web\mock\
[2019-08-21T14:50:18.440] [WARN] src/init/initRouter - 加载路由prefix为:/mock
[2019-08-21T15:21:12.118] [DEBUG] src/init/initRouter - projectPath:E:\newspace\2019\inter-web
[2019-08-21T15:21:12.146] [DEBUG] src/init/initRouter - extRouterPath:undefined
[2019-08-21T15:21:12.187] [INFO] main.ts - mock server is started at port: 3333!
[2019-08-21T15:21:12.200] [DEBUG] src/init/initRouter - 加载 routerPath 路径为: E:\newspace\2019\inter-web\src\routers
[2019-08-21T15:21:12.201] [DEBUG] src/init/initRouter - 加载 routerPath 路径为: E:\newspace\2019\inter-web\node_modules\@zhili\server-mock\src\routers
[2019-08-21T15:21:12.203] [ERROR] src/init/initRouter - { [Error: ENOENT: no such file or directory, scandir 'E:\newspace\2019\inter-web\src\routers']
  errno: -4058,
  code: 'ENOENT',
  syscall: 'scandir',
  path: 'E:\\newspace\\2019\\inter-web\\src\\routers' }
[2019-08-21T15:21:12.305] [INFO] Mock.router.ts - mockPath is E:\newspace\2019\inter-web\mock\
[2019-08-21T15:21:12.337] [WARN] src/init/initRouter - 加载路由prefix为:/mock
[2019-08-21T16:01:40.654] [DEBUG] src/init/initRouter - projectPath:E:\newspace\2019\inter-web
[2019-08-21T16:01:40.668] [DEBUG] src/init/initRouter - extRouterPath:undefined
[2019-08-21T16:01:40.678] [INFO] main.ts - mock server is started at port: 3333!
[2019-08-21T16:01:40.684] [DEBUG] src/init/initRouter - 加载 routerPath 路径为: E:\newspace\2019\inter-web\src\routers
[2019-08-21T16:01:40.685] [DEBUG] src/init/initRouter - 加载 routerPath 路径为: E:\newspace\2019\inter-web\node_modules\@zhili\server-mock\src\routers
[2019-08-21T16:01:40.688] [ERROR] src/init/initRouter - { [Error: ENOENT: no such file or directory, scandir 'E:\newspace\2019\inter-web\src\routers']
  errno: -4058,
  code: 'ENOENT',
  syscall: 'scandir',
  path: 'E:\\newspace\\2019\\inter-web\\src\\routers' }
[2019-08-21T16:01:40.731] [INFO] Mock.router.ts - mockPath is E:\newspace\2019\inter-web\mock\
[2019-08-21T16:01:40.735] [WARN] src/init/initRouter - 加载路由prefix为:/mock
[2019-08-22T15:08:41.527] [DEBUG] src/init/initRouter - projectPath:E:\newspace\2019\inter-web
[2019-08-22T15:08:41.539] [DEBUG] src/init/initRouter - extRouterPath:undefined
[2019-08-22T15:08:41.550] [INFO] main.ts - mock server is started at port: 3333!
[2019-08-22T15:08:41.555] [DEBUG] src/init/initRouter - 加载 routerPath 路径为: E:\newspace\2019\inter-web\src\routers
[2019-08-22T15:08:41.556] [DEBUG] src/init/initRouter - 加载 routerPath 路径为: E:\newspace\2019\inter-web\node_modules\@zhili\server-mock\src\routers
[2019-08-22T15:08:41.558] [ERROR] src/init/initRouter - { [Error: ENOENT: no such file or directory, scandir 'E:\newspace\2019\inter-web\src\routers']
  errno: -4058,
  code: 'ENOENT',
  syscall: 'scandir',
  path: 'E:\\newspace\\2019\\inter-web\\src\\routers' }
[2019-08-22T15:08:41.622] [INFO] Mock.router.ts - mockPath is E:\newspace\2019\inter-web\mock\
[2019-08-22T15:08:41.625] [WARN] src/init/initRouter - 加载路由prefix为:/mock
[2019-08-23T11:12:20.426] [DEBUG] src/init/initRouter - projectPath:E:\newspace\2019\inter-web
[2019-08-23T11:12:21.805] [DEBUG] src/init/initRouter - extRouterPath:undefined
[2019-08-23T11:12:22.270] [INFO] main.ts - mock server is started at port: 3333!
[2019-08-23T11:12:22.366] [DEBUG] src/init/initRouter - 加载 routerPath 路径为: E:\newspace\2019\inter-web\src\routers
[2019-08-23T11:12:22.536] [DEBUG] src/init/initRouter - 加载 routerPath 路径为: E:\newspace\2019\inter-web\node_modules\@zhili\server-mock\src\routers
[2019-08-23T11:12:22.683] [ERROR] src/init/initRouter - { [Error: ENOENT: no such file or directory, scandir 'E:\newspace\2019\inter-web\src\routers']
  errno: -4058,
  code: 'ENOENT',
  syscall: 'scandir',
  path: 'E:\\newspace\\2019\\inter-web\\src\\routers' }
[2019-08-23T11:12:23.243] [INFO] Mock.router.ts - mockPath is E:\newspace\2019\inter-web\mock\
[2019-08-23T11:12:23.273] [WARN] src/init/initRouter - 加载路由prefix为:/mock
[2019-08-23T11:15:26.813] [DEBUG] src/init/initRouter - projectPath:E:\newspace\2019\inter-web
[2019-08-23T11:15:26.828] [DEBUG] src/init/initRouter - extRouterPath:undefined
[2019-08-23T11:15:26.841] [INFO] main.ts - mock server is started at port: 3333!
[2019-08-23T11:15:26.847] [DEBUG] src/init/initRouter - 加载 routerPath 路径为: E:\newspace\2019\inter-web\src\routers
[2019-08-23T11:15:26.849] [DEBUG] src/init/initRouter - 加载 routerPath 路径为: E:\newspace\2019\inter-web\node_modules\@zhili\server-mock\src\routers
[2019-08-23T11:15:26.852] [ERROR] src/init/initRouter - { [Error: ENOENT: no such file or directory, scandir 'E:\newspace\2019\inter-web\src\routers']
  errno: -4058,
  code: 'ENOENT',
  syscall: 'scandir',
  path: 'E:\\newspace\\2019\\inter-web\\src\\routers' }
[2019-08-23T11:15:26.938] [INFO] Mock.router.ts - mockPath is E:\newspace\2019\inter-web\mock\
[2019-08-23T11:15:26.942] [WARN] src/init/initRouter - 加载路由prefix为:/mock
[2019-08-26T09:08:05.689] [DEBUG] src/init/initRouter - projectPath:E:\newspace\2019\inter-web
[2019-08-26T09:08:05.704] [DEBUG] src/init/initRouter - extRouterPath:undefined
[2019-08-26T09:08:05.716] [INFO] main.ts - mock server is started at port: 3333!
[2019-08-26T09:08:05.727] [DEBUG] src/init/initRouter - 加载 routerPath 路径为: E:\newspace\2019\inter-web\src\routers
[2019-08-26T09:08:05.738] [DEBUG] src/init/initRouter - 加载 routerPath 路径为: E:\newspace\2019\inter-web\node_modules\@zhili\server-mock\src\routers
[2019-08-26T09:08:05.743] [ERROR] src/init/initRouter - { [Error: ENOENT: no such file or directory, scandir 'E:\newspace\2019\inter-web\src\routers']
  errno: -4058,
  code: 'ENOENT',
  syscall: 'scandir',
  path: 'E:\\newspace\\2019\\inter-web\\src\\routers' }
[2019-08-26T09:08:05.814] [INFO] Mock.router.ts - mockPath is E:\newspace\2019\inter-web\mock\
[2019-08-26T09:08:05.818] [WARN] src/init/initRouter - 加载路由prefix为:/mock
[2019-10-30T14:59:42.785] [DEBUG] src/init/initRouter - projectPath:E:\newspace\2019\inter-web
[2019-10-30T14:59:42.798] [DEBUG] src/init/initRouter - extRouterPath:undefined
[2019-10-30T14:59:42.817] [INFO] main.ts - mock server is started at port: 3333!
[2019-10-30T14:59:42.824] [DEBUG] src/init/initRouter - 加载 routerPath 路径为: E:\newspace\2019\inter-web\src\routers
[2019-10-30T14:59:42.826] [DEBUG] src/init/initRouter - 加载 routerPath 路径为: E:\newspace\2019\inter-web\node_modules\@zhili\server-mock\src\routers
[2019-10-30T14:59:42.828] [ERROR] src/init/initRouter - { [Error: ENOENT: no such file or directory, scandir 'E:\newspace\2019\inter-web\src\routers']
  errno: -4058,
  code: 'ENOENT',
  syscall: 'scandir',
  path: 'E:\\newspace\\2019\\inter-web\\src\\routers' }
[2019-10-30T14:59:42.902] [INFO] Mock.router.ts - mockPath is E:\newspace\2019\inter-web\mock\
[2019-10-30T14:59:42.908] [WARN] src/init/initRouter - 加载路由prefix为:/mock
[2019-11-04T09:53:13.547] [DEBUG] src/init/initRouter - projectPath:E:\newspace\tag-web
[2019-11-04T09:53:13.563] [DEBUG] src/init/initRouter - extRouterPath:undefined
[2019-11-04T09:53:13.578] [INFO] main.ts - mock server is started at port: 3333!
[2019-11-04T09:53:13.590] [DEBUG] src/init/initRouter - 加载 routerPath 路径为: E:\newspace\tag-web\src\routers
[2019-11-04T09:53:13.592] [DEBUG] src/init/initRouter - 加载 routerPath 路径为: E:\newspace\tag-web\node_modules\@zhili\server-mock\src\routers
[2019-11-04T09:53:13.598] [ERROR] src/init/initRouter - { [Error: ENOENT: no such file or directory, scandir 'E:\newspace\tag-web\src\routers']
  errno: -4058,
  code: 'ENOENT',
  syscall: 'scandir',
  path: 'E:\\newspace\\tag-web\\src\\routers' }
[2019-11-04T09:53:13.662] [INFO] Mock.router.ts - mockPath is E:\newspace\tag-web\mock\
[2019-11-04T09:53:13.667] [WARN] src/init/initRouter - 加载路由prefix为:/mock
[2019-11-04T11:16:31.630] [DEBUG] src/init/initRouter - projectPath:E:\newspace\tag-web
[2019-11-04T11:16:31.647] [DEBUG] src/init/initRouter - extRouterPath:undefined
[2019-11-04T11:16:31.661] [INFO] main.ts - mock server is started at port: 3333!
[2019-11-04T11:16:31.669] [DEBUG] src/init/initRouter - 加载 routerPath 路径为: E:\newspace\tag-web\src\routers
[2019-11-04T11:16:31.671] [DEBUG] src/init/initRouter - 加载 routerPath 路径为: E:\newspace\tag-web\node_modules\@zhili\server-mock\src\routers
[2019-11-04T11:16:31.674] [ERROR] src/init/initRouter - { [Error: ENOENT: no such file or directory, scandir 'E:\newspace\tag-web\src\routers']
  errno: -4058,
  code: 'ENOENT',
  syscall: 'scandir',
  path: 'E:\\newspace\\tag-web\\src\\routers' }
[2019-11-04T11:16:31.789] [INFO] Mock.router.ts - mockPath is E:\newspace\tag-web\mock\
[2019-11-04T11:16:31.794] [WARN] src/init/initRouter - 加载路由prefix为:/mock
[2019-11-04T11:24:55.970] [DEBUG] src/init/initRouter - projectPath:E:\newspace\tag-web
[2019-11-04T11:24:55.986] [DEBUG] src/init/initRouter - extRouterPath:undefined
[2019-11-04T11:24:56.001] [INFO] main.ts - mock server is started at port: 3333!
[2019-11-04T11:24:56.009] [DEBUG] src/init/initRouter - 加载 routerPath 路径为: E:\newspace\tag-web\src\routers
[2019-11-04T11:24:56.011] [DEBUG] src/init/initRouter - 加载 routerPath 路径为: E:\newspace\tag-web\node_modules\@zhili\server-mock\src\routers
[2019-11-04T11:24:56.015] [ERROR] src/init/initRouter - { [Error: ENOENT: no such file or directory, scandir 'E:\newspace\tag-web\src\routers']
  errno: -4058,
  code: 'ENOENT',
  syscall: 'scandir',
  path: 'E:\\newspace\\tag-web\\src\\routers' }
[2019-11-04T11:24:56.089] [INFO] Mock.router.ts - mockPath is E:\newspace\tag-web\mock\
[2019-11-04T11:24:56.103] [WARN] src/init/initRouter - 加载路由prefix为:/mock
[2019-11-04T14:09:23.584] [DEBUG] src/init/initRouter - projectPath:E:\newspace\tag-web
[2019-11-04T14:09:23.600] [DEBUG] src/init/initRouter - extRouterPath:undefined
[2019-11-04T14:09:23.613] [INFO] main.ts - mock server is started at port: 3333!
[2019-11-04T14:09:23.620] [DEBUG] src/init/initRouter - 加载 routerPath 路径为: E:\newspace\tag-web\src\routers
[2019-11-04T14:09:23.621] [DEBUG] src/init/initRouter - 加载 routerPath 路径为: E:\newspace\tag-web\node_modules\@zhili\server-mock\src\routers
[2019-11-04T14:09:23.624] [ERROR] src/init/initRouter - { [Error: ENOENT: no such file or directory, scandir 'E:\newspace\tag-web\src\routers']
  errno: -4058,
  code: 'ENOENT',
  syscall: 'scandir',
  path: 'E:\\newspace\\tag-web\\src\\routers' }
[2019-11-04T14:09:23.688] [INFO] Mock.router.ts - mockPath is E:\newspace\tag-web\mock\
[2019-11-04T14:09:23.738] [WARN] src/init/initRouter - 加载路由prefix为:/mock
[2019-11-04T14:11:38.291] [DEBUG] src/init/initRouter - projectPath:E:\newspace\tag-web
[2019-11-04T14:11:38.307] [DEBUG] src/init/initRouter - extRouterPath:undefined
[2019-11-04T14:11:38.322] [INFO] main.ts - mock server is started at port: 3333!
[2019-11-04T14:11:38.329] [DEBUG] src/init/initRouter - 加载 routerPath 路径为: E:\newspace\tag-web\src\routers
[2019-11-04T14:11:38.332] [DEBUG] src/init/initRouter - 加载 routerPath 路径为: E:\newspace\tag-web\node_modules\@zhili\server-mock\src\routers
[2019-11-04T14:11:38.334] [ERROR] src/init/initRouter - { [Error: ENOENT: no such file or directory, scandir 'E:\newspace\tag-web\src\routers']
  errno: -4058,
  code: 'ENOENT',
  syscall: 'scandir',
  path: 'E:\\newspace\\tag-web\\src\\routers' }
[2019-11-04T14:11:38.410] [INFO] Mock.router.ts - mockPath is E:\newspace\tag-web\mock\
[2019-11-04T14:11:38.414] [WARN] src/init/initRouter - 加载路由prefix为:/mock
[2019-11-04T14:13:51.981] [DEBUG] src/init/initRouter - projectPath:E:\newspace\tag-web
[2019-11-04T14:13:51.997] [DEBUG] src/init/initRouter - extRouterPath:undefined
[2019-11-04T14:13:52.021] [INFO] main.ts - mock server is started at port: 3333!
[2019-11-04T14:13:52.027] [DEBUG] src/init/initRouter - 加载 routerPath 路径为: E:\newspace\tag-web\src\routers
[2019-11-04T14:13:52.063] [DEBUG] src/init/initRouter - 加载 routerPath 路径为: E:\newspace\tag-web\node_modules\@zhili\server-mock\src\routers
[2019-11-04T14:13:52.102] [ERROR] src/init/initRouter - { [Error: ENOENT: no such file or directory, scandir 'E:\newspace\tag-web\src\routers']
  errno: -4058,
  code: 'ENOENT',
  syscall: 'scandir',
  path: 'E:\\newspace\\tag-web\\src\\routers' }
[2019-11-04T14:13:52.166] [INFO] Mock.router.ts - mockPath is E:\newspace\tag-web\mock\
[2019-11-04T14:13:52.178] [WARN] src/init/initRouter - 加载路由prefix为:/mock
[2019-11-06T17:04:58.699] [DEBUG] src/init/initRouter - projectPath:E:\newspace\tag-web
[2019-11-06T17:04:58.712] [DEBUG] src/init/initRouter - extRouterPath:undefined
[2019-11-06T17:04:58.732] [INFO] main.ts - mock server is started at port: 3333!
[2019-11-06T17:04:58.739] [DEBUG] src/init/initRouter - 加载 routerPath 路径为: E:\newspace\tag-web\src\routers
[2019-11-06T17:04:58.741] [DEBUG] src/init/initRouter - 加载 routerPath 路径为: E:\newspace\tag-web\node_modules\@zhili\server-mock\src\routers
[2019-11-06T17:04:58.743] [ERROR] src/init/initRouter - { [Error: ENOENT: no such file or directory, scandir 'E:\newspace\tag-web\src\routers']
  errno: -4058,
  code: 'ENOENT',
  syscall: 'scandir',
  path: 'E:\\newspace\\tag-web\\src\\routers' }
[2019-11-06T17:04:58.816] [INFO] Mock.router.ts - mockPath is E:\newspace\tag-web\mock\
[2019-11-06T17:04:58.822] [WARN] src/init/initRouter - 加载路由prefix为:/mock
[2019-11-07T08:57:56.975] [DEBUG] src/init/initRouter - projectPath:E:\newspace\tag-web
[2019-11-07T08:57:56.989] [DEBUG] src/init/initRouter - extRouterPath:undefined
[2019-11-07T08:57:57.002] [INFO] main.ts - mock server is started at port: 3333!
[2019-11-07T08:57:57.008] [DEBUG] src/init/initRouter - 加载 routerPath 路径为: E:\newspace\tag-web\src\routers
[2019-11-07T08:57:57.010] [DEBUG] src/init/initRouter - 加载 routerPath 路径为: E:\newspace\tag-web\node_modules\@zhili\server-mock\src\routers
[2019-11-07T08:57:57.013] [ERROR] src/init/initRouter - { [Error: ENOENT: no such file or directory, scandir 'E:\newspace\tag-web\src\routers']
  errno: -4058,
  code: 'ENOENT',
  syscall: 'scandir',
  path: 'E:\\newspace\\tag-web\\src\\routers' }
[2019-11-07T08:57:57.081] [INFO] Mock.router.ts - mockPath is E:\newspace\tag-web\mock\
[2019-11-07T08:57:57.088] [WARN] src/init/initRouter - 加载路由prefix为:/mock
[2019-11-07T13:52:02.421] [DEBUG] src/init/initRouter - projectPath:E:\newspace\tag-web
[2019-11-07T13:52:02.436] [DEBUG] src/init/initRouter - extRouterPath:undefined
[2019-11-07T13:52:02.450] [INFO] main.ts - mock server is started at port: 3333!
[2019-11-07T13:52:02.458] [DEBUG] src/init/initRouter - 加载 routerPath 路径为: E:\newspace\tag-web\src\routers
[2019-11-07T13:52:02.462] [DEBUG] src/init/initRouter - 加载 routerPath 路径为: E:\newspace\tag-web\node_modules\@zhili\server-mock\src\routers
[2019-11-07T13:52:02.465] [ERROR] src/init/initRouter - { [Error: ENOENT: no such file or directory, scandir 'E:\newspace\tag-web\src\routers']
  errno: -4058,
  code: 'ENOENT',
  syscall: 'scandir',
  path: 'E:\\newspace\\tag-web\\src\\routers' }
[2019-11-07T13:52:02.542] [INFO] Mock.router.ts - mockPath is E:\newspace\tag-web\mock\
[2019-11-07T13:52:02.549] [WARN] src/init/initRouter - 加载路由prefix为:/mock
[2019-11-16T13:31:56.492] [DEBUG] src/init/initRouter - projectPath:E:\newspace\tag-web
[2019-11-16T13:31:56.560] [DEBUG] src/init/initRouter - extRouterPath:undefined
[2019-11-16T13:31:56.591] [INFO] main.ts - mock server is started at port: 3333!
[2019-11-16T13:31:56.600] [DEBUG] src/init/initRouter - 加载 routerPath 路径为: E:\newspace\tag-web\src\routers
[2019-11-16T13:31:56.603] [DEBUG] src/init/initRouter - 加载 routerPath 路径为: E:\newspace\tag-web\node_modules\@zhili\server-mock\src\routers
[2019-11-16T13:31:56.605] [ERROR] src/init/initRouter - { [Error: ENOENT: no such file or directory, scandir 'E:\newspace\tag-web\src\routers']
  errno: -4058,
  code: 'ENOENT',
  syscall: 'scandir',
  path: 'E:\\newspace\\tag-web\\src\\routers' }
[2019-11-16T13:31:56.681] [INFO] Mock.router.ts - mockPath is E:\newspace\tag-web\mock\
[2019-11-16T13:31:56.689] [WARN] src/init/initRouter - 加载路由prefix为:/mock
[2019-11-18T17:35:35.264] [DEBUG] src/init/initRouter - projectPath:E:\newspace\tag-web
[2019-11-18T17:35:35.279] [DEBUG] src/init/initRouter - extRouterPath:undefined
[2019-11-18T17:35:35.295] [INFO] main.ts - mock server is started at port: 3333!
[2019-11-18T17:35:35.306] [DEBUG] src/init/initRouter - 加载 routerPath 路径为: E:\newspace\tag-web\src\routers
[2019-11-18T17:35:35.309] [DEBUG] src/init/initRouter - 加载 routerPath 路径为: E:\newspace\tag-web\node_modules\@zhili\server-mock\src\routers
[2019-11-18T17:35:35.312] [ERROR] src/init/initRouter - { [Error: ENOENT: no such file or directory, scandir 'E:\newspace\tag-web\src\routers']
  errno: -4058,
  code: 'ENOENT',
  syscall: 'scandir',
  path: 'E:\\newspace\\tag-web\\src\\routers' }
[2019-11-18T17:35:35.380] [INFO] Mock.router.ts - mockPath is E:\newspace\tag-web\mock\
[2019-11-18T17:35:35.385] [WARN] src/init/initRouter - 加载路由prefix为:/mock
[2019-11-18T17:39:38.634] [DEBUG] src/init/initRouter - projectPath:E:\newspace\tag-web
[2019-11-18T17:39:38.649] [DEBUG] src/init/initRouter - extRouterPath:undefined
[2019-11-18T17:39:38.662] [INFO] main.ts - mock server is started at port: 3333!
[2019-11-18T17:39:38.670] [DEBUG] src/init/initRouter - 加载 routerPath 路径为: E:\newspace\tag-web\src\routers
[2019-11-18T17:39:38.672] [DEBUG] src/init/initRouter - 加载 routerPath 路径为: E:\newspace\tag-web\node_modules\@zhili\server-mock\src\routers
[2019-11-18T17:39:38.678] [ERROR] src/init/initRouter - { [Error: ENOENT: no such file or directory, scandir 'E:\newspace\tag-web\src\routers']
  errno: -4058,
  code: 'ENOENT',
  syscall: 'scandir',
  path: 'E:\\newspace\\tag-web\\src\\routers' }
[2019-11-18T17:39:38.743] [INFO] Mock.router.ts - mockPath is E:\newspace\tag-web\mock\
[2019-11-18T17:39:38.748] [WARN] src/init/initRouter - 加载路由prefix为:/mock
[2019-11-18T17:46:38.630] [DEBUG] src/init/initRouter - projectPath:E:\newspace\tag-web
[2019-11-18T17:46:38.646] [DEBUG] src/init/initRouter - extRouterPath:undefined
[2019-11-18T17:46:38.657] [INFO] main.ts - mock server is started at port: 3333!
[2019-11-18T17:46:38.663] [DEBUG] src/init/initRouter - 加载 routerPath 路径为: E:\newspace\tag-web\src\routers
[2019-11-18T17:46:38.664] [DEBUG] src/init/initRouter - 加载 routerPath 路径为: E:\newspace\tag-web\node_modules\@zhili\server-mock\src\routers
[2019-11-18T17:46:38.667] [ERROR] src/init/initRouter - { [Error: ENOENT: no such file or directory, scandir 'E:\newspace\tag-web\src\routers']
  errno: -4058,
  code: 'ENOENT',
  syscall: 'scandir',
  path: 'E:\\newspace\\tag-web\\src\\routers' }
[2019-11-18T17:46:38.719] [INFO] Mock.router.ts - mockPath is E:\newspace\tag-web\mock\
[2019-11-18T17:46:38.722] [WARN] src/init/initRouter - 加载路由prefix为:/mock
[2019-11-19T09:44:58.285] [DEBUG] src/init/initRouter - projectPath:E:\newspace\tag-web
[2019-11-19T09:44:58.302] [DEBUG] src/init/initRouter - extRouterPath:undefined
[2019-11-19T09:44:58.362] [INFO] main.ts - mock server is started at port: 3333!
[2019-11-19T09:44:58.377] [DEBUG] src/init/initRouter - 加载 routerPath 路径为: E:\newspace\tag-web\src\routers
[2019-11-19T09:44:58.380] [DEBUG] src/init/initRouter - 加载 routerPath 路径为: E:\newspace\tag-web\node_modules\@zhili\server-mock\src\routers
[2019-11-19T09:44:58.395] [ERROR] src/init/initRouter - { [Error: ENOENT: no such file or directory, scandir 'E:\newspace\tag-web\src\routers']
  errno: -4058,
  code: 'ENOENT',
  syscall: 'scandir',
  path: 'E:\\newspace\\tag-web\\src\\routers' }
[2019-11-19T09:44:58.513] [INFO] Mock.router.ts - mockPath is E:\newspace\tag-web\mock\
[2019-11-19T09:44:58.532] [WARN] src/init/initRouter - 加载路由prefix为:/mock
[2019-11-20T08:55:50.602] [DEBUG] src/init/initRouter - projectPath:E:\newspace\tag-web
[2019-11-20T08:55:50.614] [DEBUG] src/init/initRouter - extRouterPath:undefined
[2019-11-20T08:55:50.627] [INFO] main.ts - mock server is started at port: 3333!
[2019-11-20T08:55:50.635] [DEBUG] src/init/initRouter - 加载 routerPath 路径为: E:\newspace\tag-web\src\routers
[2019-11-20T08:55:50.637] [DEBUG] src/init/initRouter - 加载 routerPath 路径为: E:\newspace\tag-web\node_modules\@zhili\server-mock\src\routers
[2019-11-20T08:55:50.640] [ERROR] src/init/initRouter - { [Error: ENOENT: no such file or directory, scandir 'E:\newspace\tag-web\src\routers']
  errno: -4058,
  code: 'ENOENT',
  syscall: 'scandir',
  path: 'E:\\newspace\\tag-web\\src\\routers' }
[2019-11-20T08:55:50.705] [INFO] Mock.router.ts - mockPath is E:\newspace\tag-web\mock\
[2019-11-20T08:55:50.709] [WARN] src/init/initRouter - 加载路由prefix为:/mock
[2019-11-20T11:46:12.262] [DEBUG] src/init/initRouter - projectPath:E:\newspace\tag-web
[2019-11-20T11:46:12.475] [DEBUG] src/init/initRouter - extRouterPath:undefined
[2019-11-20T11:46:12.652] [INFO] main.ts - mock server is started at port: 3333!
[2019-11-20T11:46:12.715] [DEBUG] src/init/initRouter - 加载 routerPath 路径为: E:\newspace\tag-web\src\routers
[2019-11-20T11:46:12.726] [DEBUG] src/init/initRouter - 加载 routerPath 路径为: E:\newspace\tag-web\node_modules\@zhili\server-mock\src\routers
[2019-11-20T11:46:12.746] [ERROR] src/init/initRouter - { [Error: ENOENT: no such file or directory, scandir 'E:\newspace\tag-web\src\routers']
  errno: -4058,
  code: 'ENOENT',
  syscall: 'scandir',
  path: 'E:\\newspace\\tag-web\\src\\routers' }
[2019-11-20T11:46:12.812] [INFO] Mock.router.ts - mockPath is E:\newspace\tag-web\mock\
[2019-11-20T11:46:12.821] [WARN] src/init/initRouter - 加载路由prefix为:/mock
[2019-11-20T14:05:34.249] [DEBUG] src/init/initRouter - projectPath:E:\newspace\tag-web
[2019-11-20T14:05:34.265] [DEBUG] src/init/initRouter - extRouterPath:undefined
[2019-11-20T14:05:34.280] [INFO] main.ts - mock server is started at port: 3333!
[2019-11-20T14:05:34.287] [DEBUG] src/init/initRouter - 加载 routerPath 路径为: E:\newspace\tag-web\src\routers
[2019-11-20T14:05:34.289] [DEBUG] src/init/initRouter - 加载 routerPath 路径为: E:\newspace\tag-web\node_modules\@zhili\server-mock\src\routers
[2019-11-20T14:05:34.291] [ERROR] src/init/initRouter - { [Error: ENOENT: no such file or directory, scandir 'E:\newspace\tag-web\src\routers']
  errno: -4058,
  code: 'ENOENT',
  syscall: 'scandir',
  path: 'E:\\newspace\\tag-web\\src\\routers' }
[2019-11-20T14:05:34.367] [INFO] Mock.router.ts - mockPath is E:\newspace\tag-web\mock\
[2019-11-20T14:05:34.371] [WARN] src/init/initRouter - 加载路由prefix为:/mock
